2023-04-05T11:30:03.800+05:30  INFO 10132 --- [restartedMain] c.pms.G2AppointmentServiceApplication    : No active profile set, falling back to 1 default profile: "default"
2023-04-05T11:30:05.126+05:30  INFO 10132 --- [restartedMain] .s.d.r.c.RepositoryConfigurationDelegate : Bootstrapping Spring Data JPA repositories in DEFAULT mode.
2023-04-05T11:30:05.296+05:30  INFO 10132 --- [restartedMain] .s.d.r.c.RepositoryConfigurationDelegate : Finished Spring Data repository scanning in 160 ms. Found 1 JPA repository interfaces.
2023-04-05T11:30:05.729+05:30  INFO 10132 --- [restartedMain] o.s.cloud.context.scope.GenericScope     : BeanFactory id=9d060423-934d-30f0-b32d-5493d22fe347
2023-04-05T11:30:05.889+05:30  WARN 10132 --- [restartedMain] ocalVariableTableParameterNameDiscoverer : Using deprecated '-debug' fallback for parameter name resolution. Compile the affected code with '-parameters' instead or avoid its introspection: com.pms.Controller.CentralizedLogging
2023-04-05T11:30:06.140+05:30  INFO 10132 --- [restartedMain] trationDelegate$BeanPostProcessorChecker : Bean 'org.springframework.cloud.client.loadbalancer.reactive.LoadBalancerBeanPostProcessorAutoConfiguration' of type [org.springframework.cloud.client.loadbalancer.reactive.LoadBalancerBeanPostProcessorAutoConfiguration] is not eligible for getting processed by all BeanPostProcessors (for example: not eligible for auto-proxying)
2023-04-05T11:30:06.145+05:30  INFO 10132 --- [restartedMain] trationDelegate$BeanPostProcessorChecker : Bean 'org.springframework.cloud.client.loadbalancer.reactive.LoadBalancerBeanPostProcessorAutoConfiguration$ReactorDeferringLoadBalancerFilterConfig' of type [org.springframework.cloud.client.loadbalancer.reactive.LoadBalancerBeanPostProcessorAutoConfiguration$ReactorDeferringLoadBalancerFilterConfig] is not eligible for getting processed by all BeanPostProcessors (for example: not eligible for auto-proxying)
2023-04-05T11:30:06.149+05:30  INFO 10132 --- [restartedMain] trationDelegate$BeanPostProcessorChecker : Bean 'reactorDeferringLoadBalancerExchangeFilterFunction' of type [org.springframework.cloud.client.loadbalancer.reactive.DeferringLoadBalancerExchangeFilterFunction] is not eligible for getting processed by all BeanPostProcessors (for example: not eligible for auto-proxying)
2023-04-05T11:30:07.079+05:30  INFO 10132 --- [restartedMain] o.s.b.w.embedded.tomcat.TomcatWebServer  : Tomcat initialized with port(s): 9003 (http)
2023-04-05T11:30:07.095+05:30  INFO 10132 --- [restartedMain] o.apache.catalina.core.StandardService   : Starting service [Tomcat]
2023-04-05T11:30:07.096+05:30  INFO 10132 --- [restartedMain] o.apache.catalina.core.StandardEngine    : Starting Servlet engine: [Apache Tomcat/10.1.7]
2023-04-05T11:30:07.224+05:30  INFO 10132 --- [restartedMain] o.a.c.c.C.[Tomcat].[localhost].[/]       : Initializing Spring embedded WebApplicationContext
2023-04-05T11:30:07.225+05:30  INFO 10132 --- [restartedMain] w.s.c.ServletWebServerApplicationContext : Root WebApplicationContext: initialization completed in 3396 ms
2023-04-05T11:30:08.152+05:30  INFO 10132 --- [restartedMain] com.zaxxer.hikari.HikariDataSource       : HikariPool-1 - Starting...
2023-04-05T11:30:08.552+05:30  INFO 10132 --- [restartedMain] com.zaxxer.hikari.pool.HikariPool        : HikariPool-1 - Added connection com.mysql.cj.jdbc.ConnectionImpl@786f8b65
2023-04-05T11:30:08.554+05:30  INFO 10132 --- [restartedMain] com.zaxxer.hikari.HikariDataSource       : HikariPool-1 - Start completed.
2023-04-05T11:30:08.578+05:30  INFO 10132 --- [restartedMain] SQL dialect                              : HHH000400: Using dialect: org.hibernate.dialect.MySQL8Dialect
2023-04-05T11:30:09.606+05:30  INFO 10132 --- [restartedMain] j.LocalContainerEntityManagerFactoryBean : Initialized JPA EntityManagerFactory for persistence unit 'default'
2023-04-05T11:30:09.936+05:30  WARN 10132 --- [restartedMain] ocalVariableTableParameterNameDiscoverer : Using deprecated '-debug' fallback for parameter name resolution. Compile the affected code with '-parameters' instead or avoid its introspection: com.pms.Repository.AppointmentRepository
2023-04-05T11:30:10.565+05:30  WARN 10132 --- [restartedMain] JpaBaseConfiguration$JpaWebConfiguration : spring.jpa.open-in-view is enabled by default. Therefore, database queries may be performed during view rendering. Explicitly configure spring.jpa.open-in-view to disable this warning
2023-04-05T11:30:14.121+05:30  INFO 10132 --- [restartedMain] o.s.b.d.a.OptionalLiveReloadServer       : LiveReload server is running on port 35729
2023-04-05T11:30:14.383+05:30  WARN 10132 --- [restartedMain] iguration$LoadBalancerCaffeineWarnLogger : Spring Cloud LoadBalancer is currently working with the default cache. While this cache implementation is useful for development and tests, it's recommended to use Caffeine cache in production.You can switch to using Caffeine cache, by adding it and org.springframework.cache.caffeine.CaffeineCacheManager to the classpath.
2023-04-05T11:30:14.393+05:30  INFO 10132 --- [restartedMain] o.s.b.a.e.web.EndpointLinksResolver      : Exposing 1 endpoint(s) beneath base path '/actuator'
2023-04-05T11:30:14.532+05:30  INFO 10132 --- [restartedMain] o.s.b.w.embedded.tomcat.TomcatWebServer  : Tomcat started on port(s): 9003 (http) with context path ''
2023-04-05T11:30:14.537+05:30  INFO 10132 --- [restartedMain] o.s.c.c.s.ConsulServiceRegistry          : Registering service with consul: NewService{id='g2-Appointment-service-9003', name='g2-Appointment-service', tags=[], address='DESKTOP-RG9A2JG', meta={secure=false}, port=9003, enableTagOverride=null, check=Check{script='null', dockerContainerID='null', shell='null', interval='12s', ttl='null', http='http://DESKTOP-RG9A2JG:9003/actuator/health', method='null', header={}, tcp='null', timeout='null', deregisterCriticalServiceAfter='null', tlsSkipVerify=null, status='null', grpc='null', grpcUseTLS=null}, checks=null}
2023-04-05T11:30:14.884+05:30  INFO 10132 --- [restartedMain] c.pms.G2AppointmentServiceApplication    : Started G2AppointmentServiceApplication in 12.29 seconds (process running for 13.31)
2023-04-05T11:30:16.122+05:30  INFO 10132 --- [RMI TCP Connection(11)-127.0.0.1] o.a.c.c.C.[Tomcat].[localhost].[/]       : Initializing Spring DispatcherServlet 'dispatcherServlet'
2023-04-05T11:30:16.123+05:30  INFO 10132 --- [RMI TCP Connection(11)-127.0.0.1] o.s.web.servlet.DispatcherServlet        : Initializing Servlet 'dispatcherServlet'
2023-04-05T11:30:16.128+05:30  INFO 10132 --- [RMI TCP Connection(11)-127.0.0.1] o.s.web.servlet.DispatcherServlet        : Completed initialization in 5 ms
2023-04-05T11:30:27.264+05:30  WARN 10132 --- [http-nio-9003-exec-6] ocalVariableTableParameterNameDiscoverer : Using deprecated '-debug' fallback for parameter name resolution. Compile the affected code with '-parameters' instead or avoid its introspection: com.pms.Repository.AppointmentRepository
2023-04-05T11:30:27.337+05:30  WARN 10132 --- [http-nio-9003-exec-6] ocalVariableTableParameterNameDiscoverer : Using deprecated '-debug' fallback for parameter name resolution. Compile the affected code with '-parameters' instead or avoid its introspection: com.pms.Controller.AppointmentController
2023-04-05T11:30:27.406+05:30  INFO 10132 --- [http-nio-9003-exec-6] o.springdoc.api.AbstractOpenApiResource  : Init duration for springdoc-openapi is: 452 ms
2023-04-05T11:31:08.039+05:30  INFO 10132 --- [http-nio-9003-exec-4] com.pms.Controller.CentralizedLogging    : ----->before @saveDetails:[Appointment(appointmentId=null, reason=string, appointmentDate=2023-04-10, acceptance=pending, patientId=1, physicianEmail=string, submissionDate=2023-04-05)]
2023-04-05T11:31:08.138+05:30 ERROR 10132 --- [http-nio-9003-exec-4] com.pms.Controller.CentralizedLogging    : ----->Exception during: @saveDetails:[Appointment(appointmentId=AP005B36, reason=string, appointmentDate=2023-04-10, acceptance=pending, patientId=1, physicianEmail=string, submissionDate=2023-04-05)] with ex: org.springframework.transaction.TransactionSystemException: Could not commit JPA transaction
2023-04-05T11:31:08.146+05:30  WARN 10132 --- [http-nio-9003-exec-4] .m.m.a.ExceptionHandlerExceptionResolver : Resolved [org.springframework.transaction.TransactionSystemException: Could not commit JPA transaction]
2023-04-05T11:31:38.759+05:30  INFO 10132 --- [http-nio-9003-exec-7] com.pms.Controller.CentralizedLogging    : ----->before @saveDetails:[Appointment(appointmentId=null, reason=string, appointmentDate=2023-04-10, acceptance=pending, patientId=1, physicianEmail=kush@gmail.com, submissionDate=2023-04-05)]
2023-04-05T11:31:38.827+05:30  INFO 10132 --- [http-nio-9003-exec-7] com.pms.Controller.CentralizedLogging    : ----->after @saveDetails:[Appointment(appointmentId=AP00ED98, reason=string, appointmentDate=2023-04-10, acceptance=pending, patientId=1, physicianEmail=kush@gmail.com, submissionDate=2023-04-05)], result: <201 CREATED Created,Appointment(appointmentId=AP00ED98, reason=string, appointmentDate=2023-04-10, acceptance=pending, patientId=1, physicianEmail=kush@gmail.com, submissionDate=2023-04-05),[]>
2023-04-05T11:31:57.494+05:30  INFO 10132 --- [http-nio-9003-exec-10] com.pms.Controller.CentralizedLogging    : ----->before @saveDetails:[Appointment(appointmentId=null, reason=string, appointmentDate=2023-04-10, acceptance=accepted, patientId=2, physicianEmail=kush@gmail.com, submissionDate=2023-04-05)]
2023-04-05T11:31:57.502+05:30  INFO 10132 --- [http-nio-9003-exec-10] com.pms.Controller.CentralizedLogging    : ----->after @saveDetails:[Appointment(appointmentId=AP002E5F, reason=string, appointmentDate=2023-04-10, acceptance=accepted, patientId=2, physicianEmail=kush@gmail.com, submissionDate=2023-04-05)], result: <201 CREATED Created,Appointment(appointmentId=AP002E5F, reason=string, appointmentDate=2023-04-10, acceptance=accepted, patientId=2, physicianEmail=kush@gmail.com, submissionDate=2023-04-05),[]>
2023-04-05T11:32:14.552+05:30  INFO 10132 --- [http-nio-9003-exec-2] com.pms.Controller.CentralizedLogging    : ----->before @saveDetails:[Appointment(appointmentId=null, reason=string, appointmentDate=2023-04-11, acceptance=rejected, patientId=3, physicianEmail=kush@gmail.com, submissionDate=2023-04-05)]
2023-04-05T11:32:14.562+05:30  INFO 10132 --- [http-nio-9003-exec-2] com.pms.Controller.CentralizedLogging    : ----->after @saveDetails:[Appointment(appointmentId=AP00C206, reason=string, appointmentDate=2023-04-11, acceptance=rejected, patientId=3, physicianEmail=kush@gmail.com, submissionDate=2023-04-05)], result: <201 CREATED Created,Appointment(appointmentId=AP00C206, reason=string, appointmentDate=2023-04-11, acceptance=rejected, patientId=3, physicianEmail=kush@gmail.com, submissionDate=2023-04-05),[]>
2023-04-05T11:32:22.612+05:30  INFO 10132 --- [http-nio-9003-exec-6] com.pms.Controller.CentralizedLogging    : ----->before @showAllAvailability:[]
2023-04-05T11:32:22.880+05:30  INFO 10132 --- [http-nio-9003-exec-6] com.pms.Controller.CentralizedLogging    : ----->after @showAllAvailability:[], result: <200 OK OK,[Appointment(appointmentId=AP00006F, reason=fever, appointmentDate=2023-04-15, acceptance=pending, patientId=PA123, physicianEmail=kush@gmail.com, submissionDate=2023-04-04), Appointment(appointmentId=AP000C9B, reason=fever, appointmentDate=2023-04-15, acceptance=pending, patientId=PA123, physicianEmail=kush@gmail.com, submissionDate=2023-04-04), Appointment(appointmentId=AP001248, reason=fever, appointmentDate=2023-04-15, acceptance=pending, patientId=PA123, physicianEmail=kush@gmail.com, submissionDate=2023-04-04), Appointment(appointmentId=AP002E5F, reason=string, appointmentDate=2023-04-10, acceptance=accepted, patientId=2, physicianEmail=kush@gmail.com, submissionDate=2023-04-05), Appointment(appointmentId=AP003D11, reason=fever, appointmentDate=2023-04-15, acceptance=pending, patientId=PA123, physicianEmail=kush@gmail.com, submissionDate=2023-04-04), Appointment(appointmentId=AP0049A6, reason=fever, appointmentDate=2023-04-15, acceptance=null, patientId=PA123, physicianEmail=kush@gmail.com, submissionDate=2023-04-04), Appointment(appointmentId=AP0054BF, reason=fever, appointmentDate=2023-04-15, acceptance=pending, patientId=PA123, physicianEmail=kush@gmail.com, submissionDate=2023-04-04), Appointment(appointmentId=AP005C71, reason=fever, appointmentDate=2023-04-15, acceptance=pending, patientId=PA123, physicianEmail=kush@gmail.com, submissionDate=2023-04-04), Appointment(appointmentId=AP007CD4, reason=fever, appointmentDate=2023-04-15, acceptance=pending, patientId=PA123, physicianEmail=kush@gmail.com, submissionDate=2023-04-04), Appointment(appointmentId=AP008DD9, reason=fever, appointmentDate=2023-04-15, acceptance=pending, patientId=PA123, physicianEmail=kush@gmail.com, submissionDate=2023-04-04), Appointment(appointmentId=AP00989F, reason=fever, appointmentDate=2023-04-15, acceptance=pending, patientId=PA123, physicianEmail=kush@gmail.com, submissionDate=2023-04-04), Appointment(appointmentId=AP00B32F, reason=fever, appointmentDate=2023-04-15, acceptance=null, patientId=PA123, physicianEmail=kush@gmail.com, submissionDate=2023-04-04), Appointment(appointmentId=AP00C206, reason=string, appointmentDate=2023-04-11, acceptance=rejected, patientId=3, physicianEmail=kush@gmail.com, submissionDate=2023-04-05), Appointment(appointmentId=AP00ED98, reason=string, appointmentDate=2023-04-10, acceptance=pending, patientId=1, physicianEmail=kush@gmail.com, submissionDate=2023-04-05), Appointment(appointmentId=AP00EE29, reason=fever, appointmentDate=2023-04-15, acceptance=null, patientId=PA123, physicianEmail=kush@gmail.com, submissionDate=2023-04-04)],[]>
2023-04-05T11:33:43.515+05:30  INFO 10132 --- [File Watcher] rtingClassPathChangeChangedEventListener : Restarting due to 15 class path changes (0 additions, 0 deletions, 15 modifications)
2023-04-05T11:33:43.530+05:30  INFO 10132 --- [Thread-8] o.apache.catalina.core.StandardService   : Stopping service [Tomcat]
2023-04-05T11:33:43.531+05:30  INFO 10132 --- [Thread-8] o.a.c.c.C.[Tomcat].[localhost].[/]       : Destroying Spring FrameworkServlet 'dispatcherServlet'
2023-04-05T11:33:43.534+05:30  WARN 10132 --- [Thread-8] o.a.c.loader.WebappClassLoaderBase       : The web application [ROOT] appears to have started a thread named [boundedElastic-evictor-1] but has failed to stop it. This is very likely to create a memory leak. Stack trace of thread:
 java.base@17.0.6/jdk.internal.misc.Unsafe.park(Native Method)
 java.base@17.0.6/java.util.concurrent.locks.LockSupport.parkNanos(LockSupport.java:252)
 java.base@17.0.6/java.util.concurrent.locks.AbstractQueuedSynchronizer$ConditionObject.awaitNanos(AbstractQueuedSynchronizer.java:1672)
 java.base@17.0.6/java.util.concurrent.ScheduledThreadPoolExecutor$DelayedWorkQueue.take(ScheduledThreadPoolExecutor.java:1182)
 java.base@17.0.6/java.util.concurrent.ScheduledThreadPoolExecutor$DelayedWorkQueue.take(ScheduledThreadPoolExecutor.java:899)
 java.base@17.0.6/java.util.concurrent.ThreadPoolExecutor.getTask(ThreadPoolExecutor.java:1062)
 java.base@17.0.6/java.util.concurrent.ThreadPoolExecutor.runWorker(ThreadPoolExecutor.java:1122)
 java.base@17.0.6/java.util.concurrent.ThreadPoolExecutor$Worker.run(ThreadPoolExecutor.java:635)
 java.base@17.0.6/java.lang.Thread.run(Thread.java:833)
2023-04-05T11:33:43.535+05:30  WARN 10132 --- [Thread-8] o.a.c.loader.WebappClassLoaderBase       : The web application [ROOT] appears to have started a thread named [boundedElastic-1] but has failed to stop it. This is very likely to create a memory leak. Stack trace of thread:
 java.base@17.0.6/jdk.internal.misc.Unsafe.park(Native Method)
 java.base@17.0.6/java.util.concurrent.locks.LockSupport.park(LockSupport.java:341)
 java.base@17.0.6/java.util.concurrent.locks.AbstractQueuedSynchronizer$ConditionNode.block(AbstractQueuedSynchronizer.java:506)
 java.base@17.0.6/java.util.concurrent.ForkJoinPool.unmanagedBlock(ForkJoinPool.java:3463)
 java.base@17.0.6/java.util.concurrent.ForkJoinPool.managedBlock(ForkJoinPool.java:3434)
 java.base@17.0.6/java.util.concurrent.locks.AbstractQueuedSynchronizer$ConditionObject.await(AbstractQueuedSynchronizer.java:1623)
 java.base@17.0.6/java.util.concurrent.ScheduledThreadPoolExecutor$DelayedWorkQueue.take(ScheduledThreadPoolExecutor.java:1170)
 java.base@17.0.6/java.util.concurrent.ScheduledThreadPoolExecutor$DelayedWorkQueue.take(ScheduledThreadPoolExecutor.java:899)
 java.base@17.0.6/java.util.concurrent.ThreadPoolExecutor.getTask(ThreadPoolExecutor.java:1062)
 java.base@17.0.6/java.util.concurrent.ThreadPoolExecutor.runWorker(ThreadPoolExecutor.java:1122)
 java.base@17.0.6/java.util.concurrent.ThreadPoolExecutor$Worker.run(ThreadPoolExecutor.java:635)
 java.base@17.0.6/java.lang.Thread.run(Thread.java:833)
2023-04-05T11:33:43.538+05:30  INFO 10132 --- [Thread-8] o.s.c.c.s.ConsulServiceRegistry          : Deregistering service with consul: g2-Appointment-service-9003
2023-04-05T11:33:43.556+05:30  INFO 10132 --- [Thread-8] j.LocalContainerEntityManagerFactoryBean : Closing JPA EntityManagerFactory for persistence unit 'default'
2023-04-05T11:33:43.559+05:30  INFO 10132 --- [Thread-8] com.zaxxer.hikari.HikariDataSource       : HikariPool-1 - Shutdown initiated...
2023-04-05T11:33:43.566+05:30  INFO 10132 --- [Thread-8] com.zaxxer.hikari.HikariDataSource       : HikariPool-1 - Shutdown completed.
2023-04-05T11:33:44.077+05:30  INFO 10132 --- [restartedMain] c.pms.G2AppointmentServiceApplication    : No active profile set, falling back to 1 default profile: "default"
2023-04-05T11:33:44.529+05:30  INFO 10132 --- [restartedMain] .s.d.r.c.RepositoryConfigurationDelegate : Bootstrapping Spring Data JPA repositories in DEFAULT mode.
2023-04-05T11:33:44.540+05:30  INFO 10132 --- [restartedMain] .s.d.r.c.RepositoryConfigurationDelegate : Finished Spring Data repository scanning in 10 ms. Found 1 JPA repository interfaces.
2023-04-05T11:33:44.668+05:30  INFO 10132 --- [restartedMain] o.s.cloud.context.scope.GenericScope     : BeanFactory id=9d060423-934d-30f0-b32d-5493d22fe347
2023-04-05T11:33:44.702+05:30  WARN 10132 --- [restartedMain] ocalVariableTableParameterNameDiscoverer : Using deprecated '-debug' fallback for parameter name resolution. Compile the affected code with '-parameters' instead or avoid its introspection: com.pms.Controller.CentralizedLogging
2023-04-05T11:33:44.758+05:30  INFO 10132 --- [restartedMain] trationDelegate$BeanPostProcessorChecker : Bean 'org.springframework.cloud.client.loadbalancer.reactive.LoadBalancerBeanPostProcessorAutoConfiguration' of type [org.springframework.cloud.client.loadbalancer.reactive.LoadBalancerBeanPostProcessorAutoConfiguration] is not eligible for getting processed by all BeanPostProcessors (for example: not eligible for auto-proxying)
2023-04-05T11:33:44.761+05:30  INFO 10132 --- [restartedMain] trationDelegate$BeanPostProcessorChecker : Bean 'org.springframework.cloud.client.loadbalancer.reactive.LoadBalancerBeanPostProcessorAutoConfiguration$ReactorDeferringLoadBalancerFilterConfig' of type [org.springframework.cloud.client.loadbalancer.reactive.LoadBalancerBeanPostProcessorAutoConfiguration$ReactorDeferringLoadBalancerFilterConfig] is not eligible for getting processed by all BeanPostProcessors (for example: not eligible for auto-proxying)
2023-04-05T11:33:44.765+05:30  INFO 10132 --- [restartedMain] trationDelegate$BeanPostProcessorChecker : Bean 'reactorDeferringLoadBalancerExchangeFilterFunction' of type [org.springframework.cloud.client.loadbalancer.reactive.DeferringLoadBalancerExchangeFilterFunction] is not eligible for getting processed by all BeanPostProcessors (for example: not eligible for auto-proxying)
2023-04-05T11:33:45.006+05:30  INFO 10132 --- [restartedMain] o.s.b.w.embedded.tomcat.TomcatWebServer  : Tomcat initialized with port(s): 9003 (http)
2023-04-05T11:33:45.007+05:30  INFO 10132 --- [restartedMain] o.apache.catalina.core.StandardService   : Starting service [Tomcat]
2023-04-05T11:33:45.007+05:30  INFO 10132 --- [restartedMain] o.apache.catalina.core.StandardEngine    : Starting Servlet engine: [Apache Tomcat/10.1.7]
2023-04-05T11:33:45.038+05:30  INFO 10132 --- [restartedMain] o.a.c.c.C.[Tomcat].[localhost].[/]       : Initializing Spring embedded WebApplicationContext
2023-04-05T11:33:45.038+05:30  INFO 10132 --- [restartedMain] w.s.c.ServletWebServerApplicationContext : Root WebApplicationContext: initialization completed in 956 ms
2023-04-05T11:33:45.322+05:30  INFO 10132 --- [restartedMain] com.zaxxer.hikari.HikariDataSource       : HikariPool-2 - Starting...
2023-04-05T11:33:45.336+05:30  INFO 10132 --- [restartedMain] com.zaxxer.hikari.pool.HikariPool        : HikariPool-2 - Added connection com.mysql.cj.jdbc.ConnectionImpl@127b2364
2023-04-05T11:33:45.336+05:30  INFO 10132 --- [restartedMain] com.zaxxer.hikari.HikariDataSource       : HikariPool-2 - Start completed.
2023-04-05T11:33:45.338+05:30  INFO 10132 --- [restartedMain] SQL dialect                              : HHH000400: Using dialect: org.hibernate.dialect.MySQL8Dialect
2023-04-05T11:33:45.391+05:30  INFO 10132 --- [restartedMain] j.LocalContainerEntityManagerFactoryBean : Initialized JPA EntityManagerFactory for persistence unit 'default'
2023-04-05T11:33:45.524+05:30  WARN 10132 --- [restartedMain] ocalVariableTableParameterNameDiscoverer : Using deprecated '-debug' fallback for parameter name resolution. Compile the affected code with '-parameters' instead or avoid its introspection: com.pms.Repository.AppointmentRepository
2023-04-05T11:33:45.890+05:30  WARN 10132 --- [restartedMain] JpaBaseConfiguration$JpaWebConfiguration : spring.jpa.open-in-view is enabled by default. Therefore, database queries may be performed during view rendering. Explicitly configure spring.jpa.open-in-view to disable this warning
2023-04-05T11:33:48.762+05:30  INFO 10132 --- [restartedMain] o.s.b.d.a.OptionalLiveReloadServer       : LiveReload server is running on port 35729
2023-04-05T11:33:49.005+05:30  WARN 10132 --- [restartedMain] iguration$LoadBalancerCaffeineWarnLogger : Spring Cloud LoadBalancer is currently working with the default cache. While this cache implementation is useful for development and tests, it's recommended to use Caffeine cache in production.You can switch to using Caffeine cache, by adding it and org.springframework.cache.caffeine.CaffeineCacheManager to the classpath.
2023-04-05T11:33:49.018+05:30  INFO 10132 --- [restartedMain] o.s.b.a.e.web.EndpointLinksResolver      : Exposing 1 endpoint(s) beneath base path '/actuator'
2023-04-05T11:33:49.090+05:30  INFO 10132 --- [restartedMain] o.s.b.w.embedded.tomcat.TomcatWebServer  : Tomcat started on port(s): 9003 (http) with context path ''
2023-04-05T11:33:49.092+05:30  INFO 10132 --- [restartedMain] o.s.c.c.s.ConsulServiceRegistry          : Registering service with consul: NewService{id='g2-Appointment-service-9003', name='g2-Appointment-service', tags=[], address='DESKTOP-RG9A2JG', meta={secure=false}, port=9003, enableTagOverride=null, check=Check{script='null', dockerContainerID='null', shell='null', interval='12s', ttl='null', http='http://DESKTOP-RG9A2JG:9003/actuator/health', method='null', header={}, tcp='null', timeout='null', deregisterCriticalServiceAfter='null', tlsSkipVerify=null, status='null', grpc='null', grpcUseTLS=null}, checks=null}
2023-04-05T11:33:49.380+05:30  INFO 10132 --- [restartedMain] c.pms.G2AppointmentServiceApplication    : Started G2AppointmentServiceApplication in 5.728 seconds (process running for 227.805)
2023-04-05T11:33:49.385+05:30  INFO 10132 --- [restartedMain] .ConditionEvaluationDeltaLoggingListener : Condition evaluation unchanged
2023-04-05T11:33:57.287+05:30  INFO 10132 --- [http-nio-9003-exec-1] o.a.c.c.C.[Tomcat].[localhost].[/]       : Initializing Spring DispatcherServlet 'dispatcherServlet'
2023-04-05T11:33:57.288+05:30  INFO 10132 --- [http-nio-9003-exec-1] o.s.web.servlet.DispatcherServlet        : Initializing Servlet 'dispatcherServlet'
2023-04-05T11:33:57.290+05:30  INFO 10132 --- [http-nio-9003-exec-1] o.s.web.servlet.DispatcherServlet        : Completed initialization in 2 ms
2023-04-05T13:01:57.204+05:30  INFO 10132 --- [RMI TCP Connection(107)-127.0.0.1] inMXBeanRegistrar$SpringApplicationAdmin : Application shutdown requested.
2023-04-05T13:01:57.413+05:30  INFO 10132 --- [RMI TCP Connection(107)-127.0.0.1] o.apache.catalina.core.StandardService   : Stopping service [Tomcat]
2023-04-05T13:01:57.420+05:30  INFO 10132 --- [RMI TCP Connection(107)-127.0.0.1] o.a.c.c.C.[Tomcat].[localhost].[/]       : Destroying Spring FrameworkServlet 'dispatcherServlet'
2023-04-05T13:01:57.496+05:30  INFO 10132 --- [RMI TCP Connection(107)-127.0.0.1] o.s.c.c.s.ConsulServiceRegistry          : Deregistering service with consul: g2-Appointment-service-9003
2023-04-05T13:01:57.538+05:30  INFO 10132 --- [RMI TCP Connection(107)-127.0.0.1] j.LocalContainerEntityManagerFactoryBean : Closing JPA EntityManagerFactory for persistence unit 'default'
2023-04-05T13:01:57.574+05:30  INFO 10132 --- [RMI TCP Connection(107)-127.0.0.1] com.zaxxer.hikari.HikariDataSource       : HikariPool-2 - Shutdown initiated...
2023-04-05T13:01:57.591+05:30  INFO 10132 --- [RMI TCP Connection(107)-127.0.0.1] com.zaxxer.hikari.HikariDataSource       : HikariPool-2 - Shutdown completed.
2023-04-05T13:17:55.798+05:30  INFO 5144 --- [restartedMain] c.pms.G2AppointmentServiceApplication    : No active profile set, falling back to 1 default profile: "default"
2023-04-05T13:17:56.868+05:30  INFO 5144 --- [restartedMain] .s.d.r.c.RepositoryConfigurationDelegate : Bootstrapping Spring Data JPA repositories in DEFAULT mode.
2023-04-05T13:17:56.998+05:30  INFO 5144 --- [restartedMain] .s.d.r.c.RepositoryConfigurationDelegate : Finished Spring Data repository scanning in 122 ms. Found 1 JPA repository interfaces.
2023-04-05T13:17:57.423+05:30  INFO 5144 --- [restartedMain] o.s.cloud.context.scope.GenericScope     : BeanFactory id=9725f16c-8d85-304a-bee9-decceee67a9e
2023-04-05T13:17:57.765+05:30  INFO 5144 --- [restartedMain] trationDelegate$BeanPostProcessorChecker : Bean 'org.springframework.cloud.client.loadbalancer.reactive.LoadBalancerBeanPostProcessorAutoConfiguration' of type [org.springframework.cloud.client.loadbalancer.reactive.LoadBalancerBeanPostProcessorAutoConfiguration] is not eligible for getting processed by all BeanPostProcessors (for example: not eligible for auto-proxying)
2023-04-05T13:17:57.770+05:30  INFO 5144 --- [restartedMain] trationDelegate$BeanPostProcessorChecker : Bean 'org.springframework.cloud.client.loadbalancer.reactive.LoadBalancerBeanPostProcessorAutoConfiguration$ReactorDeferringLoadBalancerFilterConfig' of type [org.springframework.cloud.client.loadbalancer.reactive.LoadBalancerBeanPostProcessorAutoConfiguration$ReactorDeferringLoadBalancerFilterConfig] is not eligible for getting processed by all BeanPostProcessors (for example: not eligible for auto-proxying)
2023-04-05T13:17:57.774+05:30  INFO 5144 --- [restartedMain] trationDelegate$BeanPostProcessorChecker : Bean 'reactorDeferringLoadBalancerExchangeFilterFunction' of type [org.springframework.cloud.client.loadbalancer.reactive.DeferringLoadBalancerExchangeFilterFunction] is not eligible for getting processed by all BeanPostProcessors (for example: not eligible for auto-proxying)
2023-04-05T13:17:58.420+05:30  INFO 5144 --- [restartedMain] o.s.b.w.embedded.tomcat.TomcatWebServer  : Tomcat initialized with port(s): 9003 (http)
2023-04-05T13:17:58.431+05:30  INFO 5144 --- [restartedMain] o.apache.catalina.core.StandardService   : Starting service [Tomcat]
2023-04-05T13:17:58.431+05:30  INFO 5144 --- [restartedMain] o.apache.catalina.core.StandardEngine    : Starting Servlet engine: [Apache Tomcat/10.1.7]
2023-04-05T13:17:58.530+05:30  INFO 5144 --- [restartedMain] o.a.c.c.C.[Tomcat].[localhost].[/]       : Initializing Spring embedded WebApplicationContext
2023-04-05T13:17:58.530+05:30  INFO 5144 --- [restartedMain] w.s.c.ServletWebServerApplicationContext : Root WebApplicationContext: initialization completed in 2710 ms
2023-04-05T13:17:59.292+05:30  INFO 5144 --- [restartedMain] com.zaxxer.hikari.HikariDataSource       : HikariPool-1 - Starting...
2023-04-05T13:17:59.622+05:30  INFO 5144 --- [restartedMain] com.zaxxer.hikari.pool.HikariPool        : HikariPool-1 - Added connection com.mysql.cj.jdbc.ConnectionImpl@1cd655ab
2023-04-05T13:17:59.625+05:30  INFO 5144 --- [restartedMain] com.zaxxer.hikari.HikariDataSource       : HikariPool-1 - Start completed.
2023-04-05T13:17:59.648+05:30  INFO 5144 --- [restartedMain] SQL dialect                              : HHH000400: Using dialect: org.hibernate.dialect.MySQL8Dialect
2023-04-05T13:18:00.528+05:30  INFO 5144 --- [restartedMain] j.LocalContainerEntityManagerFactoryBean : Initialized JPA EntityManagerFactory for persistence unit 'default'
2023-04-05T13:18:01.456+05:30  WARN 5144 --- [restartedMain] JpaBaseConfiguration$JpaWebConfiguration : spring.jpa.open-in-view is enabled by default. Therefore, database queries may be performed during view rendering. Explicitly configure spring.jpa.open-in-view to disable this warning
2023-04-05T13:18:04.683+05:30  INFO 5144 --- [restartedMain] o.s.b.d.a.OptionalLiveReloadServer       : LiveReload server is running on port 35729
2023-04-05T13:18:05.060+05:30  WARN 5144 --- [restartedMain] iguration$LoadBalancerCaffeineWarnLogger : Spring Cloud LoadBalancer is currently working with the default cache. While this cache implementation is useful for development and tests, it's recommended to use Caffeine cache in production.You can switch to using Caffeine cache, by adding it and org.springframework.cache.caffeine.CaffeineCacheManager to the classpath.
2023-04-05T13:18:05.076+05:30  INFO 5144 --- [restartedMain] o.s.b.a.e.web.EndpointLinksResolver      : Exposing 1 endpoint(s) beneath base path '/actuator'
2023-04-05T13:18:05.201+05:30  INFO 5144 --- [restartedMain] o.s.b.w.embedded.tomcat.TomcatWebServer  : Tomcat started on port(s): 9003 (http) with context path ''
2023-04-05T13:18:05.205+05:30  INFO 5144 --- [restartedMain] o.s.c.c.s.ConsulServiceRegistry          : Registering service with consul: NewService{id='g2-Appointment-service-9003', name='g2-Appointment-service', tags=[], address='DESKTOP-RG9A2JG', meta={secure=false}, port=9003, enableTagOverride=null, check=Check{script='null', dockerContainerID='null', shell='null', interval='12s', ttl='null', http='http://DESKTOP-RG9A2JG:9003/actuator/health', method='null', header={}, tcp='null', timeout='null', deregisterCriticalServiceAfter='null', tlsSkipVerify=null, status='null', grpc='null', grpcUseTLS=null}, checks=null}
2023-04-05T13:18:05.457+05:30  INFO 5144 --- [restartedMain] c.pms.G2AppointmentServiceApplication    : Started G2AppointmentServiceApplication in 10.728 seconds (process running for 11.305)
2023-04-05T13:18:07.860+05:30  INFO 5144 --- [http-nio-9003-exec-1] o.a.c.c.C.[Tomcat].[localhost].[/]       : Initializing Spring DispatcherServlet 'dispatcherServlet'
2023-04-05T13:18:07.860+05:30  INFO 5144 --- [http-nio-9003-exec-1] o.s.web.servlet.DispatcherServlet        : Initializing Servlet 'dispatcherServlet'
2023-04-05T13:18:07.862+05:30  INFO 5144 --- [http-nio-9003-exec-1] o.s.web.servlet.DispatcherServlet        : Completed initialization in 2 ms
2023-04-05T13:18:53.928+05:30  INFO 5144 --- [File Watcher] rtingClassPathChangeChangedEventListener : Restarting due to 12 class path changes (0 additions, 11 deletions, 1 modification)
2023-04-05T13:18:53.955+05:30  INFO 5144 --- [Thread-8] o.apache.catalina.core.StandardService   : Stopping service [Tomcat]
2023-04-05T13:18:53.958+05:30  INFO 5144 --- [Thread-8] o.a.c.c.C.[Tomcat].[localhost].[/]       : Destroying Spring FrameworkServlet 'dispatcherServlet'
2023-04-05T13:18:53.964+05:30  WARN 5144 --- [Thread-8] o.a.c.loader.WebappClassLoaderBase       : The web application [ROOT] appears to have started a thread named [boundedElastic-evictor-1] but has failed to stop it. This is very likely to create a memory leak. Stack trace of thread:
 java.base@17.0.6/jdk.internal.misc.Unsafe.park(Native Method)
 java.base@17.0.6/java.util.concurrent.locks.LockSupport.parkNanos(LockSupport.java:252)
 java.base@17.0.6/java.util.concurrent.locks.AbstractQueuedSynchronizer$ConditionObject.awaitNanos(AbstractQueuedSynchronizer.java:1672)
 java.base@17.0.6/java.util.concurrent.ScheduledThreadPoolExecutor$DelayedWorkQueue.take(ScheduledThreadPoolExecutor.java:1182)
 java.base@17.0.6/java.util.concurrent.ScheduledThreadPoolExecutor$DelayedWorkQueue.take(ScheduledThreadPoolExecutor.java:899)
 java.base@17.0.6/java.util.concurrent.ThreadPoolExecutor.getTask(ThreadPoolExecutor.java:1062)
 java.base@17.0.6/java.util.concurrent.ThreadPoolExecutor.runWorker(ThreadPoolExecutor.java:1122)
 java.base@17.0.6/java.util.concurrent.ThreadPoolExecutor$Worker.run(ThreadPoolExecutor.java:635)
 java.base@17.0.6/java.lang.Thread.run(Thread.java:833)
2023-04-05T13:18:53.965+05:30  WARN 5144 --- [Thread-8] o.a.c.loader.WebappClassLoaderBase       : The web application [ROOT] appears to have started a thread named [boundedElastic-1] but has failed to stop it. This is very likely to create a memory leak. Stack trace of thread:
 java.base@17.0.6/jdk.internal.misc.Unsafe.park(Native Method)
 java.base@17.0.6/java.util.concurrent.locks.LockSupport.park(LockSupport.java:341)
 java.base@17.0.6/java.util.concurrent.locks.AbstractQueuedSynchronizer$ConditionNode.block(AbstractQueuedSynchronizer.java:506)
 java.base@17.0.6/java.util.concurrent.ForkJoinPool.unmanagedBlock(ForkJoinPool.java:3463)
 java.base@17.0.6/java.util.concurrent.ForkJoinPool.managedBlock(ForkJoinPool.java:3434)
 java.base@17.0.6/java.util.concurrent.locks.AbstractQueuedSynchronizer$ConditionObject.await(AbstractQueuedSynchronizer.java:1623)
 java.base@17.0.6/java.util.concurrent.ScheduledThreadPoolExecutor$DelayedWorkQueue.take(ScheduledThreadPoolExecutor.java:1170)
 java.base@17.0.6/java.util.concurrent.ScheduledThreadPoolExecutor$DelayedWorkQueue.take(ScheduledThreadPoolExecutor.java:899)
 java.base@17.0.6/java.util.concurrent.ThreadPoolExecutor.getTask(ThreadPoolExecutor.java:1062)
 java.base@17.0.6/java.util.concurrent.ThreadPoolExecutor.runWorker(ThreadPoolExecutor.java:1122)
 java.base@17.0.6/java.util.concurrent.ThreadPoolExecutor$Worker.run(ThreadPoolExecutor.java:635)
 java.base@17.0.6/java.lang.Thread.run(Thread.java:833)
2023-04-05T13:18:53.970+05:30  INFO 5144 --- [Thread-8] o.s.c.c.s.ConsulServiceRegistry          : Deregistering service with consul: g2-Appointment-service-9003
2023-04-05T13:18:53.999+05:30  INFO 5144 --- [Thread-8] j.LocalContainerEntityManagerFactoryBean : Closing JPA EntityManagerFactory for persistence unit 'default'
2023-04-05T13:18:54.005+05:30  INFO 5144 --- [Thread-8] com.zaxxer.hikari.HikariDataSource       : HikariPool-1 - Shutdown initiated...
2023-04-05T13:18:54.017+05:30  INFO 5144 --- [Thread-8] com.zaxxer.hikari.HikariDataSource       : HikariPool-1 - Shutdown completed.
2023-04-05T13:18:54.581+05:30  INFO 5144 --- [restartedMain] c.pms.G2AppointmentServiceApplication    : No active profile set, falling back to 1 default profile: "default"
2023-04-05T13:18:55.339+05:30  INFO 5144 --- [restartedMain] .s.d.r.c.RepositoryConfigurationDelegate : Bootstrapping Spring Data JPA repositories in DEFAULT mode.
2023-04-05T13:18:55.341+05:30  INFO 5144 --- [restartedMain] .s.d.r.c.RepositoryConfigurationDelegate : Finished Spring Data repository scanning in 1 ms. Found 0 JPA repository interfaces.
2023-04-05T13:18:55.558+05:30  INFO 5144 --- [restartedMain] o.s.cloud.context.scope.GenericScope     : BeanFactory id=073bc346-5f5d-317c-8f73-2ffecd56774f
2023-04-05T13:18:55.679+05:30  INFO 5144 --- [restartedMain] trationDelegate$BeanPostProcessorChecker : Bean 'org.springframework.cloud.client.loadbalancer.reactive.LoadBalancerBeanPostProcessorAutoConfiguration' of type [org.springframework.cloud.client.loadbalancer.reactive.LoadBalancerBeanPostProcessorAutoConfiguration] is not eligible for getting processed by all BeanPostProcessors (for example: not eligible for auto-proxying)
2023-04-05T13:18:55.682+05:30  INFO 5144 --- [restartedMain] trationDelegate$BeanPostProcessorChecker : Bean 'org.springframework.cloud.client.loadbalancer.reactive.LoadBalancerBeanPostProcessorAutoConfiguration$ReactorDeferringLoadBalancerFilterConfig' of type [org.springframework.cloud.client.loadbalancer.reactive.LoadBalancerBeanPostProcessorAutoConfiguration$ReactorDeferringLoadBalancerFilterConfig] is not eligible for getting processed by all BeanPostProcessors (for example: not eligible for auto-proxying)
2023-04-05T13:18:55.687+05:30  INFO 5144 --- [restartedMain] trationDelegate$BeanPostProcessorChecker : Bean 'reactorDeferringLoadBalancerExchangeFilterFunction' of type [org.springframework.cloud.client.loadbalancer.reactive.DeferringLoadBalancerExchangeFilterFunction] is not eligible for getting processed by all BeanPostProcessors (for example: not eligible for auto-proxying)
2023-04-05T13:18:56.079+05:30  INFO 5144 --- [restartedMain] o.s.b.w.embedded.tomcat.TomcatWebServer  : Tomcat initialized with port(s): 9003 (http)
2023-04-05T13:18:56.080+05:30  INFO 5144 --- [restartedMain] o.apache.catalina.core.StandardService   : Starting service [Tomcat]
2023-04-05T13:18:56.081+05:30  INFO 5144 --- [restartedMain] o.apache.catalina.core.StandardEngine    : Starting Servlet engine: [Apache Tomcat/10.1.7]
2023-04-05T13:18:56.139+05:30  INFO 5144 --- [restartedMain] o.a.c.c.C.[Tomcat].[localhost].[/]       : Initializing Spring embedded WebApplicationContext
2023-04-05T13:18:56.139+05:30  INFO 5144 --- [restartedMain] w.s.c.ServletWebServerApplicationContext : Root WebApplicationContext: initialization completed in 1553 ms
2023-04-05T13:18:56.714+05:30  INFO 5144 --- [restartedMain] com.zaxxer.hikari.HikariDataSource       : HikariPool-2 - Starting...
2023-04-05T13:18:56.744+05:30  INFO 5144 --- [restartedMain] com.zaxxer.hikari.pool.HikariPool        : HikariPool-2 - Added connection com.mysql.cj.jdbc.ConnectionImpl@e367a17
2023-04-05T13:18:56.745+05:30  INFO 5144 --- [restartedMain] com.zaxxer.hikari.HikariDataSource       : HikariPool-2 - Start completed.
2023-04-05T13:18:56.746+05:30  INFO 5144 --- [restartedMain] SQL dialect                              : HHH000400: Using dialect: org.hibernate.dialect.MySQL8Dialect
2023-04-05T13:18:56.772+05:30  INFO 5144 --- [restartedMain] j.LocalContainerEntityManagerFactoryBean : Initialized JPA EntityManagerFactory for persistence unit 'default'
2023-04-05T13:18:57.634+05:30  WARN 5144 --- [restartedMain] JpaBaseConfiguration$JpaWebConfiguration : spring.jpa.open-in-view is enabled by default. Therefore, database queries may be performed during view rendering. Explicitly configure spring.jpa.open-in-view to disable this warning
2023-04-05T13:19:01.062+05:30  INFO 5144 --- [restartedMain] o.s.b.d.a.OptionalLiveReloadServer       : LiveReload server is running on port 35729
2023-04-05T13:19:01.562+05:30  WARN 5144 --- [restartedMain] iguration$LoadBalancerCaffeineWarnLogger : Spring Cloud LoadBalancer is currently working with the default cache. While this cache implementation is useful for development and tests, it's recommended to use Caffeine cache in production.You can switch to using Caffeine cache, by adding it and org.springframework.cache.caffeine.CaffeineCacheManager to the classpath.
2023-04-05T13:19:01.580+05:30  INFO 5144 --- [restartedMain] o.s.b.a.e.web.EndpointLinksResolver      : Exposing 1 endpoint(s) beneath base path '/actuator'
2023-04-05T13:19:01.656+05:30  INFO 5144 --- [restartedMain] o.s.b.w.embedded.tomcat.TomcatWebServer  : Tomcat started on port(s): 9003 (http) with context path ''
2023-04-05T13:19:01.659+05:30  INFO 5144 --- [restartedMain] o.s.c.c.s.ConsulServiceRegistry          : Registering service with consul: NewService{id='g2-Appointment-service-9003', name='g2-Appointment-service', tags=[], address='DESKTOP-RG9A2JG', meta={secure=false}, port=9003, enableTagOverride=null, check=Check{script='null', dockerContainerID='null', shell='null', interval='12s', ttl='null', http='http://DESKTOP-RG9A2JG:9003/actuator/health', method='null', header={}, tcp='null', timeout='null', deregisterCriticalServiceAfter='null', tlsSkipVerify=null, status='null', grpc='null', grpcUseTLS=null}, checks=null}
2023-04-05T13:19:02.015+05:30  INFO 5144 --- [restartedMain] c.pms.G2AppointmentServiceApplication    : Started G2AppointmentServiceApplication in 7.914 seconds (process running for 67.863)
2023-04-05T13:19:02.022+05:30  INFO 5144 --- [restartedMain] .ConditionEvaluationDeltaLoggingListener : Condition evaluation unchanged
2023-04-05T13:19:03.490+05:30  INFO 5144 --- [File Watcher] rtingClassPathChangeChangedEventListener : Restarting due to 11 class path changes (11 additions, 0 deletions, 0 modifications)
2023-04-05T13:19:03.501+05:30  INFO 5144 --- [Thread-10] o.apache.catalina.core.StandardService   : Stopping service [Tomcat]
2023-04-05T13:19:03.505+05:30  INFO 5144 --- [Thread-10] o.s.c.c.s.ConsulServiceRegistry          : Deregistering service with consul: g2-Appointment-service-9003
2023-04-05T13:19:03.514+05:30  INFO 5144 --- [Thread-10] j.LocalContainerEntityManagerFactoryBean : Closing JPA EntityManagerFactory for persistence unit 'default'
2023-04-05T13:19:03.515+05:30  INFO 5144 --- [Thread-10] com.zaxxer.hikari.HikariDataSource       : HikariPool-2 - Shutdown initiated...
2023-04-05T13:19:03.522+05:30  INFO 5144 --- [Thread-10] com.zaxxer.hikari.HikariDataSource       : HikariPool-2 - Shutdown completed.
2023-04-05T13:19:04.018+05:30  INFO 5144 --- [restartedMain] c.pms.G2AppointmentServiceApplication    : No active profile set, falling back to 1 default profile: "default"
2023-04-05T13:19:04.180+05:30  INFO 15252 --- [restartedMain] c.pms.G2AppointmentServiceApplication    : No active profile set, falling back to 1 default profile: "default"
2023-04-05T13:19:04.543+05:30  INFO 5144 --- [restartedMain] .s.d.r.c.RepositoryConfigurationDelegate : Bootstrapping Spring Data JPA repositories in DEFAULT mode.
2023-04-05T13:19:04.554+05:30  INFO 5144 --- [restartedMain] .s.d.r.c.RepositoryConfigurationDelegate : Finished Spring Data repository scanning in 10 ms. Found 1 JPA repository interfaces.
2023-04-05T13:19:04.726+05:30  INFO 5144 --- [restartedMain] o.s.cloud.context.scope.GenericScope     : BeanFactory id=9725f16c-8d85-304a-bee9-decceee67a9e
2023-04-05T13:19:04.857+05:30  INFO 5144 --- [restartedMain] trationDelegate$BeanPostProcessorChecker : Bean 'org.springframework.cloud.client.loadbalancer.reactive.LoadBalancerBeanPostProcessorAutoConfiguration' of type [org.springframework.cloud.client.loadbalancer.reactive.LoadBalancerBeanPostProcessorAutoConfiguration] is not eligible for getting processed by all BeanPostProcessors (for example: not eligible for auto-proxying)
2023-04-05T13:19:04.863+05:30  INFO 5144 --- [restartedMain] trationDelegate$BeanPostProcessorChecker : Bean 'org.springframework.cloud.client.loadbalancer.reactive.LoadBalancerBeanPostProcessorAutoConfiguration$ReactorDeferringLoadBalancerFilterConfig' of type [org.springframework.cloud.client.loadbalancer.reactive.LoadBalancerBeanPostProcessorAutoConfiguration$ReactorDeferringLoadBalancerFilterConfig] is not eligible for getting processed by all BeanPostProcessors (for example: not eligible for auto-proxying)
2023-04-05T13:19:04.866+05:30  INFO 5144 --- [restartedMain] trationDelegate$BeanPostProcessorChecker : Bean 'reactorDeferringLoadBalancerExchangeFilterFunction' of type [org.springframework.cloud.client.loadbalancer.reactive.DeferringLoadBalancerExchangeFilterFunction] is not eligible for getting processed by all BeanPostProcessors (for example: not eligible for auto-proxying)
2023-04-05T13:19:05.089+05:30  INFO 5144 --- [restartedMain] o.s.b.w.embedded.tomcat.TomcatWebServer  : Tomcat initialized with port(s): 9003 (http)
2023-04-05T13:19:05.090+05:30  INFO 5144 --- [restartedMain] o.apache.catalina.core.StandardService   : Starting service [Tomcat]
2023-04-05T13:19:05.090+05:30  INFO 5144 --- [restartedMain] o.apache.catalina.core.StandardEngine    : Starting Servlet engine: [Apache Tomcat/10.1.7]
2023-04-05T13:19:05.140+05:30  INFO 5144 --- [restartedMain] o.a.c.c.C.[Tomcat].[localhost].[/]       : Initializing Spring embedded WebApplicationContext
2023-04-05T13:19:05.141+05:30  INFO 5144 --- [restartedMain] w.s.c.ServletWebServerApplicationContext : Root WebApplicationContext: initialization completed in 1117 ms
2023-04-05T13:19:05.436+05:30  INFO 5144 --- [restartedMain] com.zaxxer.hikari.HikariDataSource       : HikariPool-3 - Starting...
2023-04-05T13:19:05.449+05:30  INFO 5144 --- [restartedMain] com.zaxxer.hikari.pool.HikariPool        : HikariPool-3 - Added connection com.mysql.cj.jdbc.ConnectionImpl@1849e0cf
2023-04-05T13:19:05.450+05:30  INFO 5144 --- [restartedMain] com.zaxxer.hikari.HikariDataSource       : HikariPool-3 - Start completed.
2023-04-05T13:19:05.450+05:30  INFO 5144 --- [restartedMain] SQL dialect                              : HHH000400: Using dialect: org.hibernate.dialect.MySQL8Dialect
2023-04-05T13:19:05.503+05:30  INFO 5144 --- [restartedMain] j.LocalContainerEntityManagerFactoryBean : Initialized JPA EntityManagerFactory for persistence unit 'default'
2023-04-05T13:19:05.659+05:30  INFO 15252 --- [restartedMain] .s.d.r.c.RepositoryConfigurationDelegate : Bootstrapping Spring Data JPA repositories in DEFAULT mode.
2023-04-05T13:19:05.737+05:30  WARN 5144 --- [restartedMain] ConfigServletWebServerApplicationContext : Exception encountered during context initialization - cancelling refresh attempt: org.springframework.beans.factory.BeanCreationException: Error creating bean with name 'modelmapper' defined in com.pms.G2AppointmentServiceApplication: Failed to instantiate [org.modelmapper.ModelMapper]: Illegal arguments to factory method 'modelmapper'; args: 
2023-04-05T13:19:05.738+05:30  INFO 5144 --- [restartedMain] j.LocalContainerEntityManagerFactoryBean : Closing JPA EntityManagerFactory for persistence unit 'default'
2023-04-05T13:19:05.739+05:30  INFO 5144 --- [restartedMain] com.zaxxer.hikari.HikariDataSource       : HikariPool-3 - Shutdown initiated...
2023-04-05T13:19:05.750+05:30  INFO 5144 --- [restartedMain] com.zaxxer.hikari.HikariDataSource       : HikariPool-3 - Shutdown completed.
2023-04-05T13:19:05.751+05:30  INFO 5144 --- [restartedMain] o.apache.catalina.core.StandardService   : Stopping service [Tomcat]
2023-04-05T13:19:05.771+05:30  INFO 5144 --- [restartedMain] .s.b.a.l.ConditionEvaluationReportLogger : 

Error starting ApplicationContext. To display the condition evaluation report re-run your application with 'debug' enabled.
2023-04-05T13:19:05.798+05:30 ERROR 5144 --- [restartedMain] o.s.boot.SpringApplication               : Application run failed

org.springframework.beans.factory.BeanCreationException: Error creating bean with name 'modelmapper' defined in com.pms.G2AppointmentServiceApplication: Failed to instantiate [org.modelmapper.ModelMapper]: Illegal arguments to factory method 'modelmapper'; args: 
	at org.springframework.beans.factory.support.ConstructorResolver.instantiate(ConstructorResolver.java:657) ~[spring-beans-6.0.7.jar:6.0.7]
	at org.springframework.beans.factory.support.ConstructorResolver.instantiateUsingFactoryMethod(ConstructorResolver.java:491) ~[spring-beans-6.0.7.jar:6.0.7]
	at org.springframework.beans.factory.support.AbstractAutowireCapableBeanFactory.instantiateUsingFactoryMethod(AbstractAutowireCapableBeanFactory.java:1332) ~[spring-beans-6.0.7.jar:6.0.7]
	at org.springframework.beans.factory.support.AbstractAutowireCapableBeanFactory.createBeanInstance(AbstractAutowireCapableBeanFactory.java:1162) ~[spring-beans-6.0.7.jar:6.0.7]
	at org.springframework.beans.factory.support.AbstractAutowireCapableBeanFactory.doCreateBean(AbstractAutowireCapableBeanFactory.java:560) ~[spring-beans-6.0.7.jar:6.0.7]
	at org.springframework.beans.factory.support.AbstractAutowireCapableBeanFactory.createBean(AbstractAutowireCapableBeanFactory.java:520) ~[spring-beans-6.0.7.jar:6.0.7]
	at org.springframework.beans.factory.support.AbstractBeanFactory.lambda$doGetBean$0(AbstractBeanFactory.java:326) ~[spring-beans-6.0.7.jar:6.0.7]
	at org.springframework.beans.factory.support.DefaultSingletonBeanRegistry.getSingleton(DefaultSingletonBeanRegistry.java:234) ~[spring-beans-6.0.7.jar:6.0.7]
	at org.springframework.beans.factory.support.AbstractBeanFactory.doGetBean(AbstractBeanFactory.java:324) ~[spring-beans-6.0.7.jar:6.0.7]
	at org.springframework.beans.factory.support.AbstractBeanFactory.getBean(AbstractBeanFactory.java:200) ~[spring-beans-6.0.7.jar:6.0.7]
	at org.springframework.beans.factory.support.DefaultListableBeanFactory.preInstantiateSingletons(DefaultListableBeanFactory.java:973) ~[spring-beans-6.0.7.jar:6.0.7]
	at org.springframework.context.support.AbstractApplicationContext.finishBeanFactoryInitialization(AbstractApplicationContext.java:917) ~[spring-context-6.0.7.jar:6.0.7]
	at org.springframework.context.support.AbstractApplicationContext.refresh(AbstractApplicationContext.java:584) ~[spring-context-6.0.7.jar:6.0.7]
	at org.springframework.boot.web.servlet.context.ServletWebServerApplicationContext.refresh(ServletWebServerApplicationContext.java:146) ~[spring-boot-3.0.5.jar:3.0.5]
	at org.springframework.boot.SpringApplication.refresh(SpringApplication.java:732) ~[spring-boot-3.0.5.jar:3.0.5]
	at org.springframework.boot.SpringApplication.refreshContext(SpringApplication.java:434) ~[spring-boot-3.0.5.jar:3.0.5]
	at org.springframework.boot.SpringApplication.run(SpringApplication.java:310) ~[spring-boot-3.0.5.jar:3.0.5]
	at org.springframework.boot.SpringApplication.run(SpringApplication.java:1304) ~[spring-boot-3.0.5.jar:3.0.5]
	at org.springframework.boot.SpringApplication.run(SpringApplication.java:1293) ~[spring-boot-3.0.5.jar:3.0.5]
	at com.pms.G2AppointmentServiceApplication.main(G2AppointmentServiceApplication.java:21) ~[classes/:na]
	at java.base/jdk.internal.reflect.NativeMethodAccessorImpl.invoke0(Native Method) ~[na:na]
	at java.base/jdk.internal.reflect.NativeMethodAccessorImpl.invoke(NativeMethodAccessorImpl.java:77) ~[na:na]
	at java.base/jdk.internal.reflect.DelegatingMethodAccessorImpl.invoke(DelegatingMethodAccessorImpl.java:43) ~[na:na]
	at java.base/java.lang.reflect.Method.invoke(Method.java:568) ~[na:na]
	at org.springframework.boot.devtools.restart.RestartLauncher.run(RestartLauncher.java:49) ~[spring-boot-devtools-3.0.5.jar:3.0.5]
Caused by: org.springframework.beans.BeanInstantiationException: Failed to instantiate [org.modelmapper.ModelMapper]: Illegal arguments to factory method 'modelmapper'; args: 
	at org.springframework.beans.factory.support.SimpleInstantiationStrategy.instantiate(SimpleInstantiationStrategy.java:157) ~[spring-beans-6.0.7.jar:6.0.7]
	at org.springframework.beans.factory.support.ConstructorResolver.instantiate(ConstructorResolver.java:653) ~[spring-beans-6.0.7.jar:6.0.7]
	... 24 common frames omitted
Caused by: java.lang.IllegalArgumentException: object is not an instance of declaring class
	at java.base/jdk.internal.reflect.NativeMethodAccessorImpl.invoke0(Native Method) ~[na:na]
	at java.base/jdk.internal.reflect.NativeMethodAccessorImpl.invoke(NativeMethodAccessorImpl.java:77) ~[na:na]
	at java.base/jdk.internal.reflect.DelegatingMethodAccessorImpl.invoke(DelegatingMethodAccessorImpl.java:43) ~[na:na]
	at java.base/java.lang.reflect.Method.invoke(Method.java:568) ~[na:na]
	at org.springframework.beans.factory.support.SimpleInstantiationStrategy.instantiate(SimpleInstantiationStrategy.java:139) ~[spring-beans-6.0.7.jar:6.0.7]
	... 25 common frames omitted

2023-04-05T13:19:05.848+05:30  INFO 15252 --- [restartedMain] .s.d.r.c.RepositoryConfigurationDelegate : Finished Spring Data repository scanning in 180 ms. Found 1 JPA repository interfaces.
2023-04-05T13:19:06.308+05:30  INFO 15252 --- [restartedMain] o.s.cloud.context.scope.GenericScope     : BeanFactory id=9725f16c-8d85-304a-bee9-decceee67a9e
2023-04-05T13:19:06.669+05:30  INFO 15252 --- [restartedMain] trationDelegate$BeanPostProcessorChecker : Bean 'org.springframework.cloud.client.loadbalancer.reactive.LoadBalancerBeanPostProcessorAutoConfiguration' of type [org.springframework.cloud.client.loadbalancer.reactive.LoadBalancerBeanPostProcessorAutoConfiguration] is not eligible for getting processed by all BeanPostProcessors (for example: not eligible for auto-proxying)
2023-04-05T13:19:06.674+05:30  INFO 15252 --- [restartedMain] trationDelegate$BeanPostProcessorChecker : Bean 'org.springframework.cloud.client.loadbalancer.reactive.LoadBalancerBeanPostProcessorAutoConfiguration$ReactorDeferringLoadBalancerFilterConfig' of type [org.springframework.cloud.client.loadbalancer.reactive.LoadBalancerBeanPostProcessorAutoConfiguration$ReactorDeferringLoadBalancerFilterConfig] is not eligible for getting processed by all BeanPostProcessors (for example: not eligible for auto-proxying)
2023-04-05T13:19:06.678+05:30  INFO 15252 --- [restartedMain] trationDelegate$BeanPostProcessorChecker : Bean 'reactorDeferringLoadBalancerExchangeFilterFunction' of type [org.springframework.cloud.client.loadbalancer.reactive.DeferringLoadBalancerExchangeFilterFunction] is not eligible for getting processed by all BeanPostProcessors (for example: not eligible for auto-proxying)
2023-04-05T13:19:07.524+05:30  INFO 15252 --- [restartedMain] o.s.b.w.embedded.tomcat.TomcatWebServer  : Tomcat initialized with port(s): 9003 (http)
2023-04-05T13:19:07.536+05:30  INFO 15252 --- [restartedMain] o.apache.catalina.core.StandardService   : Starting service [Tomcat]
2023-04-05T13:19:07.536+05:30  INFO 15252 --- [restartedMain] o.apache.catalina.core.StandardEngine    : Starting Servlet engine: [Apache Tomcat/10.1.7]
2023-04-05T13:19:07.651+05:30  INFO 15252 --- [restartedMain] o.a.c.c.C.[Tomcat].[localhost].[/]       : Initializing Spring embedded WebApplicationContext
2023-04-05T13:19:07.652+05:30  INFO 15252 --- [restartedMain] w.s.c.ServletWebServerApplicationContext : Root WebApplicationContext: initialization completed in 3451 ms
2023-04-05T13:19:08.537+05:30  INFO 15252 --- [restartedMain] com.zaxxer.hikari.HikariDataSource       : HikariPool-1 - Starting...
2023-04-05T13:19:08.832+05:30  INFO 15252 --- [restartedMain] com.zaxxer.hikari.pool.HikariPool        : HikariPool-1 - Added connection com.mysql.cj.jdbc.ConnectionImpl@71d74a82
2023-04-05T13:19:08.835+05:30  INFO 15252 --- [restartedMain] com.zaxxer.hikari.HikariDataSource       : HikariPool-1 - Start completed.
2023-04-05T13:19:08.857+05:30  INFO 15252 --- [restartedMain] SQL dialect                              : HHH000400: Using dialect: org.hibernate.dialect.MySQL8Dialect
2023-04-05T13:19:09.749+05:30  INFO 15252 --- [restartedMain] j.LocalContainerEntityManagerFactoryBean : Initialized JPA EntityManagerFactory for persistence unit 'default'
2023-04-05T13:19:10.622+05:30  WARN 15252 --- [restartedMain] JpaBaseConfiguration$JpaWebConfiguration : spring.jpa.open-in-view is enabled by default. Therefore, database queries may be performed during view rendering. Explicitly configure spring.jpa.open-in-view to disable this warning
2023-04-05T13:19:13.633+05:30  WARN 15252 --- [restartedMain] o.s.b.d.a.OptionalLiveReloadServer       : Unable to start LiveReload server
2023-04-05T13:19:13.943+05:30  WARN 15252 --- [restartedMain] iguration$LoadBalancerCaffeineWarnLogger : Spring Cloud LoadBalancer is currently working with the default cache. While this cache implementation is useful for development and tests, it's recommended to use Caffeine cache in production.You can switch to using Caffeine cache, by adding it and org.springframework.cache.caffeine.CaffeineCacheManager to the classpath.
2023-04-05T13:19:13.958+05:30  INFO 15252 --- [restartedMain] o.s.b.a.e.web.EndpointLinksResolver      : Exposing 1 endpoint(s) beneath base path '/actuator'
2023-04-05T13:19:14.072+05:30  INFO 15252 --- [restartedMain] o.s.b.w.embedded.tomcat.TomcatWebServer  : Tomcat started on port(s): 9003 (http) with context path ''
2023-04-05T13:19:14.078+05:30  INFO 15252 --- [restartedMain] o.s.c.c.s.ConsulServiceRegistry          : Registering service with consul: NewService{id='g2-Appointment-service-9003', name='g2-Appointment-service', tags=[], address='DESKTOP-RG9A2JG', meta={secure=false}, port=9003, enableTagOverride=null, check=Check{script='null', dockerContainerID='null', shell='null', interval='12s', ttl='null', http='http://DESKTOP-RG9A2JG:9003/actuator/health', method='null', header={}, tcp='null', timeout='null', deregisterCriticalServiceAfter='null', tlsSkipVerify=null, status='null', grpc='null', grpcUseTLS=null}, checks=null}
2023-04-05T13:19:14.332+05:30  INFO 15252 --- [restartedMain] c.pms.G2AppointmentServiceApplication    : Started G2AppointmentServiceApplication in 11.458 seconds (process running for 12.144)
2023-04-05T13:19:17.209+05:30  INFO 15252 --- [http-nio-9003-exec-1] o.a.c.c.C.[Tomcat].[localhost].[/]       : Initializing Spring DispatcherServlet 'dispatcherServlet'
2023-04-05T13:19:17.209+05:30  INFO 15252 --- [http-nio-9003-exec-1] o.s.web.servlet.DispatcherServlet        : Initializing Servlet 'dispatcherServlet'
2023-04-05T13:19:17.213+05:30  INFO 15252 --- [http-nio-9003-exec-1] o.s.web.servlet.DispatcherServlet        : Completed initialization in 3 ms
